<?xml version="1.0" encoding="UTF-8"?>
<!-- Generated by org.testng.reporters.JUnitXMLReporter -->
<testsuite ignored="1" hostname="LAPTOP-B5GOUU81" failures="0" tests="1" name="Default test" time="33.83" errors="0" timestamp="05 May 2021 10:01:04 GMT">
  <testcase classname="com.jtc.qa.testCase.SearchPageTest" name="SearchData" time="15.361"/>
  <testcase classname="com.jtc.qa.testCase.SearchPageTest" name="SearchPageTitel" time="0.0">
    <ignored/>
  </testcase> <!-- SearchPageTitel -->
</testsuite> <!-- Default test -->
